GPU ANGLE (AMD Radeon HD 6570 Direct3D11 vs_5_0 ps_5_0) (Google Inc.)
OpenGL OpenGL ES 3.0.0 (ANGLE 2.1.0.54a3d7cbcadb)
[Atlas] Texture size is: 4096x4096 (max: 16384x16384)
Found work dir at 'E:/Otclientv8/'
== application started at Nov 14 2023 08:24:21
OTG 3.2 rev 4 (dev) made by otclient.net built on Feb 26 2023 for arch x86
WARNING: HTTP error for http://otclient.ovh/api/status.php: Invalid http status code (404)
Exiting application..
ERROR: unable to open file for writing '/settings/questlog.json': not found
WARNING: widget 'widget1316' was not explicitly destroyed
GPU ANGLE (AMD Radeon HD 6570 Direct3D11 vs_5_0 ps_5_0) (Google Inc.)
OpenGL OpenGL ES 3.0.0 (ANGLE 2.1.0.54a3d7cbcadb)
[Atlas] Texture size is: 4096x4096 (max: 16384x16384)
Found work dir at 'E:/Otclientv8/'
== application started at Nov 14 2023 08:26:33
OTG 3.2 rev 4 (dev) made by otclient.net built on Feb 26 2023 for arch x86
WARNING: HTTP error for http://otclient.ovh/api/status.php: Invalid http status code (404)
WARNING: HTTP error for http://otclient.ovh/api/status.php: Invalid http status code (404)
ERROR: Missing file: 7171/Tibia.dat
Missing file: 7171/Tibia.spr

You should open data/things and create directory 7171.
In this directory (data/things/7171) you should put missing
files (Tibia.dat and Tibia.spr/Tibia.cwm) from correct Tibia version.
WARNING: HTTP error for http://otclient.ovh/api/status.php: Invalid http status code (404)
Exiting application..
ERROR: unable to open file for writing '/settings/questlog.json': not found
WARNING: widget 'widget1316' was not explicitly destroyed
GPU ANGLE (AMD Radeon HD 6570 Direct3D11 vs_5_0 ps_5_0) (Google Inc.)
OpenGL OpenGL ES 3.0.0 (ANGLE 2.1.0.54a3d7cbcadb)
[Atlas] Texture size is: 4096x4096 (max: 16384x16384)
Found work dir at 'E:/Otclientv8/'
== application started at Nov 14 2023 08:27:04
OTG 3.2 rev 4 (dev) made by otclient.net built on Feb 26 2023 for arch x86
WARNING: HTTP error for http://otclient.ovh/api/status.php: Invalid http status code (404)
Exiting application..
ERROR: unable to open file for writing '/settings/questlog.json': not found
WARNING: widget 'widget1316' was not explicitly destroyed
GPU ANGLE (AMD Radeon HD 6570 Direct3D11 vs_5_0 ps_5_0) (Google Inc.)
OpenGL OpenGL ES 3.0.0 (ANGLE 2.1.0.54a3d7cbcadb)
[Atlas] Texture size is: 4096x4096 (max: 16384x16384)
Found work dir at 'E:/Otclientv8/'
== application started at Nov 14 2023 08:27:28
OTG 3.2 rev 4 (dev) made by otclient.net built on Feb 26 2023 for arch x86
WARNING: HTTP error for http://otclient.ovh/api/status.php: Invalid http status code (404)
Exiting application..
ERROR: unable to open file for writing '/settings/questlog.json': not found
WARNING: widget 'widget1316' was not explicitly destroyed
GPU ANGLE (AMD Radeon HD 6570 Direct3D11 vs_5_0 ps_5_0) (Google Inc.)
OpenGL OpenGL ES 3.0.0 (ANGLE 2.1.0.54a3d7cbcadb)
[Atlas] Texture size is: 4096x4096 (max: 16384x16384)
Found work dir at 'E:/Otclientv8/'
== application started at Nov 14 2023 08:27:39
OTG 3.2 rev 4 (dev) made by otclient.net built on Feb 26 2023 for arch x86
WARNING: HTTP error for http://otclient.ovh/api/status.php: Invalid http status code (404)
Exiting application..
ERROR: unable to open file for writing '/settings/questlog.json': not found
WARNING: widget 'widget1316' was not explicitly destroyed
GPU ANGLE (AMD Radeon HD 6570 Direct3D11 vs_5_0 ps_5_0) (Google Inc.)
OpenGL OpenGL ES 3.0.0 (ANGLE 2.1.0.54a3d7cbcadb)
[Atlas] Texture size is: 4096x4096 (max: 16384x16384)
Found work dir at 'E:/Otclientv8/'
== application started at Nov 14 2023 08:28:01
OTG 3.2 rev 4 (dev) made by otclient.net built on Feb 26 2023 for arch x86
WARNING: HTTP error for http://otclient.ovh/api/status.php: Invalid http status code (404)
Exiting application..
ERROR: unable to open file for writing '/settings/questlog.json': not found
WARNING: widget 'widget1316' was not explicitly destroyed
GPU ANGLE (AMD Radeon HD 6570 Direct3D11 vs_5_0 ps_5_0) (Google Inc.)
OpenGL OpenGL ES 3.0.0 (ANGLE 2.1.0.54a3d7cbcadb)
[Atlas] Texture size is: 4096x4096 (max: 16384x16384)
Found work dir at 'E:/Otclientv8/'
== application started at Nov 14 2023 08:48:07
OTG 3.2 rev 4 (dev) made by otclient.net built on Feb 26 2023 for arch x86
WARNING: HTTP error for http://otclient.ovh/api/status.php: Invalid http status code (404)
Exiting application..
ERROR: unable to open file for writing '/settings/questlog.json': not found
WARNING: widget 'widget1316' was not explicitly destroyed
GPU ANGLE (AMD Radeon HD 6570 Direct3D11 vs_5_0 ps_5_0) (Google Inc.)
OpenGL OpenGL ES 3.0.0 (ANGLE 2.1.0.54a3d7cbcadb)
[Atlas] Texture size is: 4096x4096 (max: 16384x16384)
Found work dir at 'E:/Otclientv8/'
== application started at Nov 14 2023 08:48:22
OTG 3.2 rev 4 (dev) made by otclient.net built on Feb 26 2023 for arch x86
WARNING: HTTP error for http://otclient.ovh/api/status.php: Invalid http status code (404)
Exiting application..
ERROR: unable to open file for writing '/settings/questlog.json': not found
WARNING: widget 'widget1316' was not explicitly destroyed
GPU ANGLE (AMD Radeon HD 6570 Direct3D11 vs_5_0 ps_5_0) (Google Inc.)
OpenGL OpenGL ES 3.0.0 (ANGLE 2.1.0.54a3d7cbcadb)
[Atlas] Texture size is: 4096x4096 (max: 16384x16384)
Found work dir at 'E:/Otclientv8/'
== application started at Nov 14 2023 08:48:36
OTG 3.2 rev 4 (dev) made by otclient.net built on Feb 26 2023 for arch x86
WARNING: HTTP error for http://otclient.ovh/api/status.php: Invalid http status code (404)
WARNING: HTTP error for http://otclient.ovh/api/status.php: Invalid http status code (404)
WARNING: HTTP error for http://otclient.ovh/api/status.php: Invalid http status code (404)
WARNING: HTTP error for http://otclient.ovh/api/status.php: Invalid http status code (404)
WARNING: HTTP error for http://otclient.ovh/api/status.php: Invalid http status code (404)
WARNING: HTTP error for http://otclient.ovh/api/status.php: Invalid http status code (404)
WARNING: HTTP error for http://otclient.ovh/api/status.php: Invalid http status code (404)
WARNING: HTTP error for http://otclient.ovh/api/status.php: Invalid http status code (404)
WARNING: HTTP error for http://otclient.ovh/api/status.php: Invalid http status code (404)
WARNING: HTTP error for http://otclient.ovh/api/status.php: Invalid http status code (404)
WARNING: HTTP error for http://otclient.ovh/api/status.php: Invalid http status code (404)
WARNING: HTTP error for http://otclient.ovh/api/status.php: Invalid http status code (404)
WARNING: HTTP error for http://otclient.ovh/api/status.php: Invalid http status code (404)
WARNING: HTTP error for http://otclient.ovh/api/status.php: Invalid http status code (404)
WARNING: HTTP error for http://otclient.ovh/api/status.php: Invalid http status code (404)
WARNING: HTTP error for http://otclient.ovh/api/status.php: Invalid http status code (404)
WARNING: HTTP error for http://otclient.ovh/api/status.php: Invalid http status code (404)
WARNING: HTTP error for http://otclient.ovh/api/status.php: Invalid http status code (404)
WARNING: HTTP error for http://otclient.ovh/api/status.php: Invalid http status code (404)
WARNING: HTTP error for http://otclient.ovh/api/status.php: Invalid http status code (404)
WARNING: HTTP error for http://otclient.ovh/api/status.php: Invalid http status code (404)
WARNING: HTTP error for http://otclient.ovh/api/status.php: Invalid http status code (404)
WARNING: HTTP error for http://otclient.ovh/api/status.php: Invalid http status code (404)
WARNING: HTTP error for http://otclient.ovh/api/status.php: Invalid http status code (404)
WARNING: HTTP error for http://otclient.ovh/api/status.php: Invalid http status code (404)
WARNING: HTTP error for http://otclient.ovh/api/status.php: Invalid http status code (404)
WARNING: HTTP error for http://otclient.ovh/api/status.php: Invalid http status code (404)
WARNING: HTTP error for http://otclient.ovh/api/status.php: Invalid http status code (404)
WARNING: HTTP error for http://otclient.ovh/api/status.php: Invalid http status code (404)
WARNING: HTTP error for http://otclient.ovh/api/status.php: Invalid http status code (404)
WARNING: HTTP error for http://otclient.ovh/api/status.php: Invalid http status code (404)
ERROR: unable to open file for writing '/settings/questlog.json': not found
All modules and scripts were reloaded.
WARNING: HTTP error for http://otclient.ovh/api/status.php: Invalid http status code (404)
WARNING: HTTP error for http://otclient.ovh/api/status.php: Invalid http status code (404)
WARNING: HTTP error for http://otclient.ovh/api/status.php: Invalid http status code (404)
WARNING: HTTP error for http://otclient.ovh/api/status.php: Invalid http status code (404)
WARNING: HTTP error for http://otclient.ovh/api/status.php: Invalid http status code (404)
WARNING: widget 'widget1316' was not explicitly destroyed
ERROR: unable to open file for writing '/settings/questlog.json': not found
All modules and scripts were reloaded.
WARNING: HTTP error for http://otclient.ovh/api/status.php: Invalid http status code (404)
WARNING: HTTP error for http://otclient.ovh/api/status.php: Invalid http status code (404)
ERROR: unable to open file for writing '/settings/questlog.json': not found
WARNING: widget 'widget3036' was not explicitly destroyed
All modules and scripts were reloaded.
WARNING: HTTP error for http://otclient.ovh/api/status.php: Invalid http status code (404)
WARNING: widget 'widget4725' was not explicitly destroyed
WARNING: HTTP error for http://otclient.ovh/api/status.php: Invalid http status code (404)
WARNING: HTTP error for http://otclient.ovh/api/status.php: Invalid http status code (404)
WARNING: HTTP error for http://otclient.ovh/api/status.php: Invalid http status code (404)
WARNING: HTTP error for http://otclient.ovh/api/status.php: Invalid http status code (404)
WARNING: HTTP error for http://otclient.ovh/api/status.php: Invalid http status code (404)
WARNING: HTTP error for http://otclient.ovh/api/status.php: Invalid http status code (404)
WARNING: HTTP error for http://otclient.ovh/api/status.php: Invalid http status code (404)
WARNING: HTTP error for http://otclient.ovh/api/status.php: Invalid http status code (404)
WARNING: HTTP error for http://otclient.ovh/api/status.php: Invalid http status code (404)
WARNING: HTTP error for http://otclient.ovh/api/status.php: Invalid http status code (404)
WARNING: HTTP error for http://otclient.ovh/api/status.php: Invalid http status code (404)
WARNING: HTTP error for http://otclient.ovh/api/status.php: Invalid http status code (404)
WARNING: HTTP error for http://otclient.ovh/api/status.php: Invalid http status code (404)
WARNING: HTTP error for http://otclient.ovh/api/status.php: Invalid http status code (404)
WARNING: HTTP error for http://otclient.ovh/api/status.php: Invalid http status code (404)
WARNING: HTTP error for http://otclient.ovh/api/status.php: Invalid http status code (404)
WARNING: HTTP error for http://otclient.ovh/api/status.php: Invalid http status code (404)
WARNING: HTTP error for http://otclient.ovh/api/status.php: Invalid http status code (404)
WARNING: HTTP error for http://otclient.ovh/api/status.php: Invalid http status code (404)
WARNING: HTTP error for http://otclient.ovh/api/status.php: Invalid http status code (404)
WARNING: HTTP error for http://otclient.ovh/api/status.php: Invalid http status code (404)
WARNING: HTTP error for http://otclient.ovh/api/status.php: Invalid http status code (404)
WARNING: HTTP error for http://otclient.ovh/api/status.php: Invalid http status code (404)
WARNING: HTTP error for http://otclient.ovh/api/status.php: Invalid http status code (404)
WARNING: HTTP error for http://otclient.ovh/api/status.php: Invalid http status code (404)
WARNING: HTTP error for http://otclient.ovh/api/status.php: Invalid http status code (404)
WARNING: HTTP error for http://otclient.ovh/api/status.php: Invalid http status code (404)
WARNING: HTTP error for http://otclient.ovh/api/status.php: Invalid http status code (404)
WARNING: HTTP error for http://otclient.ovh/api/status.php: Invalid http status code (404)
WARNING: HTTP error for http://otclient.ovh/api/status.php: Invalid http status code (404)
WARNING: HTTP error for http://otclient.ovh/api/status.php: Invalid http status code (404)
WARNING: HTTP error for http://otclient.ovh/api/status.php: Invalid http status code (404)
WARNING: HTTP error for http://otclient.ovh/api/status.php: Invalid http status code (404)
WARNING: HTTP error for http://otclient.ovh/api/status.php: Invalid http status code (404)
WARNING: HTTP error for http://otclient.ovh/api/status.php: Invalid http status code (404)
WARNING: HTTP error for http://otclient.ovh/api/status.php: Invalid http status code (404)
WARNING: HTTP error for http://otclient.ovh/api/status.php: Invalid http status code (404)
ERROR: unable to open file for writing '/settings/questlog.json': not found
WARNING: widget 'widget6412' was not explicitly destroyed
All modules and scripts were reloaded.
WARNING: HTTP error for http://otclient.ovh/api/status.php: Invalid http status code (404)
WARNING: HTTP error for http://otclient.ovh/api/status.php: Invalid http status code (404)
WARNING: HTTP error for http://otclient.ovh/api/status.php: Invalid http status code (404)
WARNING: HTTP error for http://otclient.ovh/api/status.php: Invalid http status code (404)
WARNING: HTTP error for http://otclient.ovh/api/status.php: Invalid http status code (404)
WARNING: HTTP error for http://otclient.ovh/api/status.php: Invalid http status code (404)
WARNING: HTTP error for http://otclient.ovh/api/status.php: Invalid http status code (404)
WARNING: HTTP error for http://otclient.ovh/api/status.php: Invalid http status code (404)
ERROR: unable to open file for writing '/settings/questlog.json': not found
All modules and scripts were reloaded.
WARNING: HTTP error for http://otclient.ovh/api/status.php: Invalid http status code (404)
WARNING: widget 'widget8136' was not explicitly destroyed
ERROR: unable to open file for writing '/settings/questlog.json': not found
WARNING: widget 'widget9829' was not explicitly destroyed
All modules and scripts were reloaded.
WARNING: HTTP error for http://otclient.ovh/api/status.php: Invalid http status code (404)
WARNING: HTTP error for http://otclient.ovh/api/status.php: Invalid http status code (404)
WARNING: HTTP error for http://otclient.ovh/api/status.php: Invalid http status code (404)
WARNING: HTTP error for http://otclient.ovh/api/status.php: Invalid http status code (404)
WARNING: HTTP error for http://otclient.ovh/api/status.php: Invalid http status code (404)
WARNING: HTTP error for http://otclient.ovh/api/status.php: Invalid http status code (404)
WARNING: HTTP error for http://otclient.ovh/api/status.php: Invalid http status code (404)
WARNING: HTTP error for http://otclient.ovh/api/status.php: Invalid http status code (404)
WARNING: HTTP error for http://otclient.ovh/api/status.php: Invalid http status code (404)
WARNING: HTTP error for http://otclient.ovh/api/status.php: Invalid http status code (404)
WARNING: HTTP error for http://otclient.ovh/api/status.php: Invalid http status code (404)
WARNING: HTTP error for http://otclient.ovh/api/status.php: Invalid http status code (404)
WARNING: HTTP error for http://otclient.ovh/api/status.php: Invalid http status code (404)
WARNING: HTTP error for http://otclient.ovh/api/status.php: Invalid http status code (404)
WARNING: HTTP error for http://otclient.ovh/api/status.php: Invalid http status code (404)
WARNING: HTTP error for http://otclient.ovh/api/status.php: Invalid http status code (404)
WARNING: HTTP error for http://otclient.ovh/api/status.php: Invalid http status code (404)
WARNING: HTTP error for http://otclient.ovh/api/status.php: Invalid http status code (404)
WARNING: HTTP error for http://otclient.ovh/api/status.php: Invalid http status code (404)
WARNING: HTTP error for http://otclient.ovh/api/status.php: Invalid http status code (404)
WARNING: HTTP error for http://otclient.ovh/api/status.php: Invalid http status code (404)
WARNING: HTTP error for http://otclient.ovh/api/status.php: Invalid http status code (404)
WARNING: HTTP error for http://otclient.ovh/api/status.php: Invalid http status code (404)
WARNING: HTTP error for http://otclient.ovh/api/status.php: Invalid http status code (404)
WARNING: HTTP error for http://otclient.ovh/api/status.php: Invalid http status code (404)
WARNING: HTTP error for http://otclient.ovh/api/status.php: Invalid http status code (404)
WARNING: HTTP error for http://otclient.ovh/api/status.php: Invalid http status code (404)
WARNING: HTTP error for http://otclient.ovh/api/status.php: Invalid http status code (404)
WARNING: HTTP error for http://otclient.ovh/api/status.php: Invalid http status code (404)
WARNING: HTTP error for http://otclient.ovh/api/status.php: Invalid http status code (404)
WARNING: HTTP error for http://otclient.ovh/api/status.php: Invalid http status code (404)
WARNING: HTTP error for http://otclient.ovh/api/status.php: Invalid http status code (404)
WARNING: HTTP error for http://otclient.ovh/api/status.php: Invalid http status code (404)
WARNING: HTTP error for http://otclient.ovh/api/status.php: Invalid http status code (404)
WARNING: HTTP error for http://otclient.ovh/api/status.php: Invalid http status code (404)
WARNING: HTTP error for http://otclient.ovh/api/status.php: Invalid http status code (404)
WARNING: HTTP error for http://otclient.ovh/api/status.php: Invalid http status code (404)
WARNING: HTTP error for http://otclient.ovh/api/status.php: Invalid http status code (404)
WARNING: HTTP error for http://otclient.ovh/api/status.php: Invalid http status code (404)
WARNING: HTTP error for http://otclient.ovh/api/status.php: Invalid http status code (404)
WARNING: HTTP error for http://otclient.ovh/api/status.php: Invalid http status code (404)
WARNING: HTTP error for http://otclient.ovh/api/status.php: Invalid http status code (404)
WARNING: HTTP error for http://otclient.ovh/api/status.php: Invalid http status code (404)
WARNING: HTTP error for http://otclient.ovh/api/status.php: Invalid http status code (404)
WARNING: HTTP error for http://otclient.ovh/api/status.php: Invalid http status code (404)
WARNING: HTTP error for http://otclient.ovh/api/status.php: Invalid http status code (404)
WARNING: HTTP error for http://otclient.ovh/api/status.php: Invalid http status code (404)
WARNING: HTTP error for http://otclient.ovh/api/status.php: Invalid http status code (404)
WARNING: HTTP error for http://otclient.ovh/api/status.php: Invalid http status code (404)
WARNING: HTTP error for http://otclient.ovh/api/status.php: Invalid http status code (404)
WARNING: HTTP error for http://otclient.ovh/api/status.php: Invalid http status code (404)
WARNING: HTTP error for http://otclient.ovh/api/status.php: Invalid http status code (404)
WARNING: HTTP error for http://otclient.ovh/api/status.php: Invalid http status code (404)
WARNING: HTTP error for http://otclient.ovh/api/status.php: Invalid http status code (404)
WARNING: HTTP error for http://otclient.ovh/api/status.php: Invalid http status code (404)
WARNING: HTTP error for http://otclient.ovh/api/status.php: Invalid http status code (404)
WARNING: HTTP error for http://otclient.ovh/api/status.php: Invalid http status code (404)
WARNING: HTTP error for http://otclient.ovh/api/status.php: Invalid http status code (404)
WARNING: HTTP error for http://otclient.ovh/api/status.php: Invalid http status code (404)
WARNING: HTTP error for http://otclient.ovh/api/status.php: Invalid http status code (404)
ERROR: unable to open file for writing '/settings/questlog.json': not found
All modules and scripts were reloaded.
WARNING: HTTP error for http://otclient.ovh/api/status.php: Invalid http status code (404)
WARNING: HTTP error for http://otclient.ovh/api/status.php: Invalid http status code (404)
WARNING: widget 'widget11515' was not explicitly destroyed
WARNING: HTTP error for http://otclient.ovh/api/status.php: Invalid http status code (404)
WARNING: HTTP error for http://otclient.ovh/api/status.php: Invalid http status code (404)
WARNING: HTTP error for http://otclient.ovh/api/status.php: Invalid http status code (404)
WARNING: HTTP error for http://otclient.ovh/api/status.php: Invalid http status code (404)
WARNING: HTTP error for http://otclient.ovh/api/status.php: Invalid http status code (404)
WARNING: HTTP error for http://otclient.ovh/api/status.php: Invalid http status code (404)
WARNING: HTTP error for http://otclient.ovh/api/status.php: Invalid http status code (404)
WARNING: HTTP error for http://otclient.ovh/api/status.php: Invalid http status code (404)
WARNING: HTTP error for http://otclient.ovh/api/status.php: Invalid http status code (404)
WARNING: HTTP error for http://otclient.ovh/api/status.php: Invalid http status code (404)
WARNING: HTTP error for http://otclient.ovh/api/status.php: Invalid http status code (404)
WARNING: HTTP error for http://otclient.ovh/api/status.php: Invalid http status code (404)
ERROR: unable to open file for writing '/settings/questlog.json': not found
All modules and scripts were reloaded.
WARNING: HTTP error for http://otclient.ovh/api/status.php: Invalid http status code (404)
WARNING: HTTP error for http://otclient.ovh/api/status.php: Invalid http status code (404)
WARNING: HTTP error for http://otclient.ovh/api/status.php: Invalid http status code (404)
WARNING: HTTP error for http://otclient.ovh/api/status.php: Invalid http status code (404)
WARNING: HTTP error for http://otclient.ovh/api/status.php: Invalid http status code (404)
WARNING: HTTP error for http://otclient.ovh/api/status.php: Invalid http status code (404)
WARNING: HTTP error for http://otclient.ovh/api/status.php: Invalid http status code (404)
WARNING: HTTP error for http://otclient.ovh/api/status.php: Invalid http status code (404)
WARNING: HTTP error for http://otclient.ovh/api/status.php: Invalid http status code (404)
WARNING: widget 'widget13260' was not explicitly destroyed
WARNING: HTTP error for http://otclient.ovh/api/status.php: Invalid http status code (404)
WARNING: HTTP error for http://otclient.ovh/api/status.php: Invalid http status code (404)
WARNING: HTTP error for http://otclient.ovh/api/status.php: Invalid http status code (404)
WARNING: HTTP error for http://otclient.ovh/api/status.php: Invalid http status code (404)
WARNING: HTTP error for http://otclient.ovh/api/status.php: Invalid http status code (404)
WARNING: HTTP error for http://otclient.ovh/api/status.php: Invalid http status code (404)
WARNING: HTTP error for http://otclient.ovh/api/status.php: Invalid http status code (404)
WARNING: HTTP error for http://otclient.ovh/api/status.php: Invalid http status code (404)
WARNING: HTTP error for http://otclient.ovh/api/status.php: Invalid http status code (404)
WARNING: HTTP error for http://otclient.ovh/api/status.php: Invalid http status code (404)
WARNING: HTTP error for http://otclient.ovh/api/status.php: Invalid http status code (404)
WARNING: HTTP error for http://otclient.ovh/api/status.php: Invalid http status code (404)
WARNING: HTTP error for http://otclient.ovh/api/status.php: Invalid http status code (404)
WARNING: HTTP error for http://otclient.ovh/api/status.php: Invalid http status code (404)
WARNING: HTTP error for http://otclient.ovh/api/status.php: Invalid http status code (404)
WARNING: HTTP error for http://otclient.ovh/api/status.php: Invalid http status code (404)
WARNING: HTTP error for http://otclient.ovh/api/status.php: Invalid http status code (404)
WARNING: HTTP error for http://otclient.ovh/api/status.php: Invalid http status code (404)
WARNING: HTTP error for http://otclient.ovh/api/status.php: Invalid http status code (404)
WARNING: HTTP error for http://otclient.ovh/api/status.php: Invalid http status code (404)
WARNING: HTTP error for http://otclient.ovh/api/status.php: Invalid http status code (404)
WARNING: HTTP error for http://otclient.ovh/api/status.php: Invalid http status code (404)
WARNING: HTTP error for http://otclient.ovh/api/status.php: Invalid http status code (404)
WARNING: HTTP error for http://otclient.ovh/api/status.php: Invalid http status code (404)
WARNING: HTTP error for http://otclient.ovh/api/status.php: Invalid http status code (404)
WARNING: HTTP error for http://otclient.ovh/api/status.php: Invalid http status code (404)
WARNING: HTTP error for http://otclient.ovh/api/status.php: Invalid http status code (404)
WARNING: HTTP error for http://otclient.ovh/api/status.php: Invalid http status code (404)
WARNING: HTTP error for http://otclient.ovh/api/status.php: Invalid http status code (404)
WARNING: HTTP error for http://otclient.ovh/api/status.php: Invalid http status code (404)
WARNING: HTTP error for http://otclient.ovh/api/status.php: Invalid http status code (404)
ERROR: unable to open file for writing '/settings/questlog.json': not found
All modules and scripts were reloaded.
WARNING: HTTP error for http://otclient.ovh/api/status.php: Invalid http status code (404)
WARNING: widget 'widget14959' was not explicitly destroyed
WARNING: HTTP error for http://otclient.ovh/api/status.php: Invalid http status code (404)
ERROR: unable to open file for writing '/settings/questlog.json': not found
All modules and scripts were reloaded.
WARNING: HTTP error for http://otclient.ovh/api/status.php: Invalid http status code (404)
WARNING: HTTP error for http://otclient.ovh/api/status.php: Invalid http status code (404)
WARNING: widget 'widget16684' was not explicitly destroyed
WARNING: HTTP error for http://otclient.ovh/api/status.php: Invalid http status code (404)
WARNING: HTTP error for http://otclient.ovh/api/status.php: Invalid http status code (404)
WARNING: HTTP error for http://otclient.ovh/api/status.php: Invalid http status code (404)
WARNING: HTTP error for http://otclient.ovh/api/status.php: Invalid http status code (404)
WARNING: HTTP error for http://otclient.ovh/api/status.php: Invalid http status code (404)
WARNING: HTTP error for http://otclient.ovh/api/status.php: Invalid http status code (404)
WARNING: HTTP error for http://otclient.ovh/api/status.php: Invalid http status code (404)
WARNING: HTTP error for http://otclient.ovh/api/status.php: Invalid http status code (404)
WARNING: HTTP error for http://otclient.ovh/api/status.php: Invalid http status code (404)
WARNING: HTTP error for http://otclient.ovh/api/status.php: Invalid http status code (404)
WARNING: HTTP error for http://otclient.ovh/api/status.php: Invalid http status code (404)
WARNING: HTTP error for http://otclient.ovh/api/status.php: Invalid http status code (404)
WARNING: HTTP error for http://otclient.ovh/api/status.php: Invalid http status code (404)
WARNING: HTTP error for http://otclient.ovh/api/status.php: Invalid http status code (404)
WARNING: HTTP error for http://otclient.ovh/api/status.php: Invalid http status code (404)
WARNING: HTTP error for http://otclient.ovh/api/status.php: Invalid http status code (404)
WARNING: HTTP error for http://otclient.ovh/api/status.php: Invalid http status code (404)
WARNING: HTTP error for http://otclient.ovh/api/status.php: Invalid http status code (404)
WARNING: HTTP error for http://otclient.ovh/api/status.php: Invalid http status code (404)
ERROR: unable to open file for writing '/settings/questlog.json': not found
All modules and scripts were reloaded.
WARNING: HTTP error for http://otclient.ovh/api/status.php: Invalid http status code (404)
WARNING: HTTP error for http://otclient.ovh/api/status.php: Invalid http status code (404)
WARNING: HTTP error for http://otclient.ovh/api/status.php: Invalid http status code (404)
ERROR: unable to open file for writing '/settings/questlog.json': not found
WARNING: widget 'widget18371' was not explicitly destroyed
All modules and scripts were reloaded.
WARNING: HTTP error for http://otclient.ovh/api/status.php: Invalid http status code (404)
WARNING: HTTP error for http://otclient.ovh/api/status.php: Invalid http status code (404)
WARNING: HTTP error for http://otclient.ovh/api/status.php: Invalid http status code (404)
WARNING: widget 'widget20077' was not explicitly destroyed
WARNING: HTTP error for http://otclient.ovh/api/status.php: Invalid http status code (404)
WARNING: HTTP error for http://otclient.ovh/api/status.php: Invalid http status code (404)
WARNING: HTTP error for http://otclient.ovh/api/status.php: Invalid http status code (404)
ERROR: unable to open file for writing '/settings/questlog.json': not found
All modules and scripts were reloaded.
WARNING: HTTP error for http://otclient.ovh/api/status.php: Invalid http status code (404)
WARNING: HTTP error for http://otclient.ovh/api/status.php: Invalid http status code (404)
WARNING: widget 'widget21764' was not explicitly destroyed
WARNING: HTTP error for http://otclient.ovh/api/status.php: Invalid http status code (404)
WARNING: HTTP error for http://otclient.ovh/api/status.php: Invalid http status code (404)
WARNING: HTTP error for http://otclient.ovh/api/status.php: Invalid http status code (404)
WARNING: HTTP error for http://otclient.ovh/api/status.php: Invalid http status code (404)
WARNING: HTTP error for http://otclient.ovh/api/status.php: Invalid http status code (404)
WARNING: HTTP error for http://otclient.ovh/api/status.php: Invalid http status code (404)
ERROR: unable to open file for writing '/settings/questlog.json': not found
All modules and scripts were reloaded.
WARNING: widget 'widget23456' was not explicitly destroyed
WARNING: HTTP error for http://otclient.ovh/api/status.php: Invalid http status code (404)
ERROR: unable to open file for writing '/settings/questlog.json': not found
All modules and scripts were reloaded.
WARNING: widget 'widget25149' was not explicitly destroyed
WARNING: HTTP error for http://otclient.ovh/api/status.php: Invalid http status code (404)
WARNING: HTTP error for http://otclient.ovh/api/status.php: Invalid http status code (404)
WARNING: HTTP error for http://otclient.ovh/api/status.php: Invalid http status code (404)
ERROR: unable to open file for writing '/settings/questlog.json': not found
All modules and scripts were reloaded.
WARNING: HTTP error for http://otclient.ovh/api/status.php: Invalid http status code (404)
WARNING: HTTP error for http://otclient.ovh/api/status.php: Invalid http status code (404)
WARNING: HTTP error for http://otclient.ovh/api/status.php: Invalid http status code (404)
WARNING: HTTP error for http://otclient.ovh/api/status.php: Invalid http status code (404)
WARNING: HTTP error for http://otclient.ovh/api/status.php: Invalid http status code (404)
WARNING: HTTP error for http://otclient.ovh/api/status.php: Invalid http status code (404)
ERROR: unable to open file for writing '/settings/questlog.json': not found
WARNING: widget 'widget26835' was not explicitly destroyed
All modules and scripts were reloaded.
WARNING: HTTP error for http://otclient.ovh/api/status.php: Invalid http status code (404)
WARNING: widget 'widget28523' was not explicitly destroyed
WARNING: HTTP error for http://otclient.ovh/api/status.php: Invalid http status code (404)
WARNING: HTTP error for http://otclient.ovh/api/status.php: Invalid http status code (404)
ERROR: unable to open file for writing '/settings/questlog.json': not found
All modules and scripts were reloaded.
WARNING: HTTP error for http://otclient.ovh/api/status.php: Invalid http status code (404)
WARNING: widget 'widget30213' was not explicitly destroyed
WARNING: HTTP error for http://otclient.ovh/api/status.php: Invalid http status code (404)
ERROR: unable to open file for writing '/settings/questlog.json': not found
All modules and scripts were reloaded.
WARNING: HTTP error for http://otclient.ovh/api/status.php: Invalid http status code (404)
ERROR: unable to open file for writing '/settings/questlog.json': not found
WARNING: widget 'widget31902' was not explicitly destroyed
All modules and scripts were reloaded.
WARNING: HTTP error for http://otclient.ovh/api/status.php: Invalid http status code (404)
WARNING: widget 'widget33589' was not explicitly destroyed
ERROR: unable to open file for writing '/settings/questlog.json': not found
All modules and scripts were reloaded.
WARNING: HTTP error for http://otclient.ovh/api/status.php: Invalid http status code (404)
ERROR: unable to open file for writing '/settings/questlog.json': not found
WARNING: widget 'widget35274' was not explicitly destroyed
All modules and scripts were reloaded.
WARNING: widget 'widget36961' was not explicitly destroyed
WARNING: HTTP error for http://otclient.ovh/api/status.php: Invalid http status code (404)
WARNING: HTTP error for http://otclient.ovh/api/status.php: Invalid http status code (404)
ERROR: unable to open file for writing '/settings/questlog.json': not found
All modules and scripts were reloaded.
WARNING: HTTP error for http://otclient.ovh/api/status.php: Invalid http status code (404)
WARNING: widget 'widget38646' was not explicitly destroyed
WARNING: HTTP error for http://otclient.ovh/api/status.php: Invalid http status code (404)
WARNING: HTTP error for http://otclient.ovh/api/status.php: Invalid http status code (404)
WARNING: HTTP error for http://otclient.ovh/api/status.php: Invalid http status code (404)
ERROR: unable to open file for writing '/settings/questlog.json': not found
All modules and scripts were reloaded.
WARNING: widget 'widget40334' was not explicitly destroyed
WARNING: HTTP error for http://otclient.ovh/api/status.php: Invalid http status code (404)
WARNING: HTTP error for http://otclient.ovh/api/status.php: Invalid http status code (404)
WARNING: HTTP error for http://otclient.ovh/api/status.php: Invalid http status code (404)
ERROR: unable to open file for writing '/settings/questlog.json': not found
All modules and scripts were reloaded.
WARNING: HTTP error for http://otclient.ovh/api/status.php: Invalid http status code (404)
WARNING: widget 'widget42023' was not explicitly destroyed
WARNING: HTTP error for http://otclient.ovh/api/status.php: Invalid http status code (404)
WARNING: HTTP error for http://otclient.ovh/api/status.php: Invalid http status code (404)
ERROR: unable to open file for writing '/settings/questlog.json': not found
All modules and scripts were reloaded.
WARNING: HTTP error for http://otclient.ovh/api/status.php: Invalid http status code (404)
WARNING: widget 'widget43711' was not explicitly destroyed
ERROR: unable to open file for writing '/settings/questlog.json': not found
All modules and scripts were reloaded.
WARNING: HTTP error for http://otclient.ovh/api/status.php: Invalid http status code (404)
WARNING: widget 'widget45399' was not explicitly destroyed
WARNING: HTTP error for http://otclient.ovh/api/status.php: Invalid http status code (404)
ERROR: unable to open file for writing '/settings/questlog.json': not found
All modules and scripts were reloaded.
WARNING: HTTP error for http://otclient.ovh/api/status.php: Invalid http status code (404)
ERROR: unable to open file for writing '/settings/questlog.json': not found
WARNING: widget 'widget47085' was not explicitly destroyed
WARNING: widget 'widget48772' was not explicitly destroyed
All modules and scripts were reloaded.
WARNING: HTTP error for http://otclient.ovh/api/status.php: Invalid http status code (404)
WARNING: HTTP error for http://otclient.ovh/api/status.php: Invalid http status code (404)
WARNING: HTTP error for http://otclient.ovh/api/status.php: Invalid http status code (404)
WARNING: HTTP error for http://otclient.ovh/api/status.php: Invalid http status code (404)
WARNING: HTTP error for http://otclient.ovh/api/status.php: Invalid http status code (404)
WARNING: HTTP error for http://otclient.ovh/api/status.php: Invalid http status code (404)
WARNING: HTTP error for http://otclient.ovh/api/status.php: Invalid http status code (404)
WARNING: HTTP error for http://otclient.ovh/api/status.php: Invalid http status code (404)
WARNING: HTTP error for http://otclient.ovh/api/status.php: Invalid http status code (404)
WARNING: HTTP error for http://otclient.ovh/api/status.php: Invalid http status code (404)
WARNING: HTTP error for http://otclient.ovh/api/status.php: Invalid http status code (404)
WARNING: HTTP error for http://otclient.ovh/api/status.php: Invalid http status code (404)
WARNING: HTTP error for http://otclient.ovh/api/status.php: Invalid http status code (404)
ERROR: unable to open file for writing '/settings/questlog.json': not found
All modules and scripts were reloaded.
WARNING: HTTP error for http://otclient.ovh/api/status.php: Invalid http status code (404)
WARNING: widget 'widget50457' was not explicitly destroyed
WARNING: HTTP error for http://otclient.ovh/api/status.php: Invalid http status code (404)
WARNING: HTTP error for http://otclient.ovh/api/status.php: Invalid http status code (404)
WARNING: HTTP error for http://otclient.ovh/api/status.php: Invalid http status code (404)
ERROR: unable to open file for writing '/settings/questlog.json': not found
All modules and scripts were reloaded.
WARNING: HTTP error for http://otclient.ovh/api/status.php: Invalid http status code (404)
WARNING: HTTP error for http://otclient.ovh/api/status.php: Invalid http status code (404)
WARNING: HTTP error for http://otclient.ovh/api/status.php: Invalid http status code (404)
ERROR: unable to open file for writing '/settings/questlog.json': not found
WARNING: widget 'widget52158' was not explicitly destroyed
All modules and scripts were reloaded.
WARNING: widget 'widget53849' was not explicitly destroyed
WARNING: HTTP error for http://otclient.ovh/api/status.php: Invalid http status code (404)
ERROR: unable to open file for writing '/settings/questlog.json': not found
All modules and scripts were reloaded.
WARNING: HTTP error for http://otclient.ovh/api/status.php: Invalid http status code (404)
WARNING: HTTP error for http://otclient.ovh/api/status.php: Invalid http status code (404)
WARNING: widget 'widget55538' was not explicitly destroyed
WARNING: HTTP error for http://otclient.ovh/api/status.php: Invalid http status code (404)
WARNING: HTTP error for http://otclient.ovh/api/status.php: Invalid http status code (404)
WARNING: HTTP error for http://otclient.ovh/api/status.php: Invalid http status code (404)
ERROR: unable to open file for writing '/settings/questlog.json': not found
All modules and scripts were reloaded.
WARNING: HTTP error for http://otclient.ovh/api/status.php: Invalid http status code (404)
WARNING: HTTP error for http://otclient.ovh/api/status.php: Invalid http status code (404)
WARNING: HTTP error for http://otclient.ovh/api/status.php: Invalid http status code (404)
WARNING: HTTP error for http://otclient.ovh/api/status.php: Invalid http status code (404)
WARNING: HTTP error for http://otclient.ovh/api/status.php: Invalid http status code (404)
WARNING: HTTP error for http://otclient.ovh/api/status.php: Invalid http status code (404)
WARNING: HTTP error for http://otclient.ovh/api/status.php: Invalid http status code (404)
WARNING: HTTP error for http://otclient.ovh/api/status.php: Invalid http status code (404)
WARNING: widget 'widget57227' was not explicitly destroyed
WARNING: HTTP error for http://otclient.ovh/api/status.php: Invalid http status code (404)
WARNING: HTTP error for http://otclient.ovh/api/status.php: Invalid http status code (404)
ERROR: unable to open file for writing '/settings/questlog.json': not found
All modules and scripts were reloaded.
WARNING: HTTP error for http://otclient.ovh/api/status.php: Invalid http status code (404)
WARNING: HTTP error for http://otclient.ovh/api/status.php: Invalid http status code (404)
WARNING: HTTP error for http://otclient.ovh/api/status.php: Invalid http status code (404)
WARNING: HTTP error for http://otclient.ovh/api/status.php: Invalid http status code (404)
ERROR: unable to open file for writing '/settings/questlog.json': not found
WARNING: widget 'widget58918' was not explicitly destroyed
All modules and scripts were reloaded.
WARNING: HTTP error for http://otclient.ovh/api/status.php: Invalid http status code (404)
WARNING: widget 'widget60614' was not explicitly destroyed
WARNING: HTTP error for http://otclient.ovh/api/status.php: Invalid http status code (404)
ERROR: unable to open file for writing '/settings/questlog.json': not found
All modules and scripts were reloaded.
WARNING: HTTP error for http://otclient.ovh/api/status.php: Invalid http status code (404)
WARNING: widget 'widget62303' was not explicitly destroyed
ERROR: Missing file: 1098/Tibia.dat
Missing file: 1098/Tibia.spr

You should open data/things and create directory 1098.
In this directory (data/things/1098) you should put missing
files (Tibia.dat and Tibia.spr/Tibia.cwm) from correct Tibia version.
WARNING: HTTP error for http://otclient.ovh/api/status.php: Invalid http status code (404)
WARNING: HTTP error for http://otclient.ovh/api/status.php: Invalid http status code (404)
WARNING: HTTP error for http://otclient.ovh/api/status.php: Invalid http status code (404)
WARNING: HTTP error for http://otclient.ovh/api/status.php: Invalid http status code (404)
WARNING: HTTP error for http://otclient.ovh/api/status.php: Invalid http status code (404)
WARNING: HTTP error for http://otclient.ovh/api/status.php: Invalid http status code (404)
WARNING: HTTP error for http://otclient.ovh/api/status.php: Invalid http status code (404)
WARNING: HTTP error for http://otclient.ovh/api/status.php: Invalid http status code (404)
WARNING: HTTP error for http://otclient.ovh/api/status.php: Invalid http status code (404)
ERROR: unable to open file for writing '/settings/questlog.json': not found
All modules and scripts were reloaded.
WARNING: HTTP error for http://otclient.ovh/api/status.php: Invalid http status code (404)
WARNING: HTTP error for http://otclient.ovh/api/status.php: Invalid http status code (404)
WARNING: HTTP error for http://otclient.ovh/api/status.php: Invalid http status code (404)
WARNING: HTTP error for http://otclient.ovh/api/status.php: Invalid http status code (404)
WARNING: HTTP error for http://otclient.ovh/api/status.php: Invalid http status code (404)
ERROR: unable to open file for writing '/settings/questlog.json': not found
WARNING: widget 'widget63992' was not explicitly destroyed
All modules and scripts were reloaded.
WARNING: widget 'widget65693' was not explicitly destroyed
WARNING: HTTP error for http://otclient.ovh/api/status.php: Invalid http status code (404)
WARNING: HTTP error for http://otclient.ovh/api/status.php: Invalid http status code (404)
WARNING: HTTP error for http://otclient.ovh/api/status.php: Invalid http status code (404)
WARNING: HTTP error for http://otclient.ovh/api/status.php: Invalid http status code (404)
WARNING: HTTP error for http://otclient.ovh/api/status.php: Invalid http status code (404)
WARNING: HTTP error for http://otclient.ovh/api/status.php: Invalid http status code (404)
WARNING: HTTP error for http://otclient.ovh/api/status.php: Invalid http status code (404)
WARNING: HTTP error for http://otclient.ovh/api/status.php: Invalid http status code (404)
ERROR: unable to open file for writing '/settings/questlog.json': not found
All modules and scripts were reloaded.
WARNING: HTTP error for http://otclient.ovh/api/status.php: Invalid http status code (404)
WARNING: widget 'widget67383' was not explicitly destroyed
WARNING: HTTP error for http://otclient.ovh/api/status.php: Invalid http status code (404)
WARNING: HTTP error for http://otclient.ovh/api/status.php: Invalid http status code (404)
WARNING: HTTP error for http://otclient.ovh/api/status.php: Invalid http status code (404)
WARNING: HTTP error for http://otclient.ovh/api/status.php: Invalid http status code (404)
WARNING: HTTP error for http://otclient.ovh/api/status.php: Invalid http status code (404)
WARNING: HTTP error for http://otclient.ovh/api/status.php: Invalid http status code (404)
ERROR: unable to open file for writing '/settings/questlog.json': not found
All modules and scripts were reloaded.
WARNING: HTTP error for http://otclient.ovh/api/status.php: Invalid http status code (404)
ERROR: unable to open file for writing '/settings/questlog.json': not found
WARNING: widget 'widget69079' was not explicitly destroyed
All modules and scripts were reloaded.
WARNING: HTTP error for http://otclient.ovh/api/status.php: Invalid http status code (404)
WARNING: widget 'widget70773' was not explicitly destroyed
WARNING: HTTP error for http://otclient.ovh/api/status.php: Invalid http status code (404)
WARNING: HTTP error for http://otclient.ovh/api/status.php: Invalid http status code (404)
ERROR: unable to open file for writing '/settings/questlog.json': not found
All modules and scripts were reloaded.
WARNING: HTTP error for http://otclient.ovh/api/status.php: Invalid http status code (404)
WARNING: widget 'widget72460' was not explicitly destroyed
WARNING: HTTP error for http://otclient.ovh/api/status.php: Invalid http status code (404)
WARNING: HTTP error for http://otclient.ovh/api/status.php: Invalid http status code (404)
ERROR: unable to open file for writing '/settings/questlog.json': not found
All modules and scripts were reloaded.
WARNING: HTTP error for http://otclient.ovh/api/status.php: Invalid http status code (404)
WARNING: HTTP error for http://otclient.ovh/api/status.php: Invalid http status code (404)
ERROR: unable to open file for writing '/settings/questlog.json': not found
WARNING: widget 'widget74151' was not explicitly destroyed
All modules and scripts were reloaded.
WARNING: widget 'widget75841' was not explicitly destroyed
WARNING: HTTP error for http://otclient.ovh/api/status.php: Invalid http status code (404)
WARNING: HTTP error for http://otclient.ovh/api/status.php: Invalid http status code (404)
ERROR: unable to open file for writing '/settings/questlog.json': not found
All modules and scripts were reloaded.
WARNING: HTTP error for http://otclient.ovh/api/status.php: Invalid http status code (404)
ERROR: unable to open file for writing '/settings/questlog.json': not found
WARNING: widget 'widget77529' was not explicitly destroyed
All modules and scripts were reloaded.
WARNING: HTTP error for http://otclient.ovh/api/status.php: Invalid http status code (404)
WARNING: HTTP error for http://otclient.ovh/api/status.php: Invalid http status code (404)
WARNING: widget 'widget79219' was not explicitly destroyed
WARNING: HTTP error for http://otclient.ovh/api/status.php: Invalid http status code (404)
WARNING: HTTP error for http://otclient.ovh/api/status.php: Invalid http status code (404)
WARNING: HTTP error for http://otclient.ovh/api/status.php: Invalid http status code (404)
WARNING: HTTP error for http://otclient.ovh/api/status.php: Invalid http status code (404)
WARNING: HTTP error for http://otclient.ovh/api/status.php: Invalid http status code (404)
WARNING: HTTP error for http://otclient.ovh/api/status.php: Invalid http status code (404)
WARNING: HTTP error for http://otclient.ovh/api/status.php: Invalid http status code (404)
WARNING: HTTP error for http://otclient.ovh/api/status.php: Invalid http status code (404)
WARNING: HTTP error for http://otclient.ovh/api/status.php: Invalid http status code (404)
WARNING: HTTP error for http://otclient.ovh/api/status.php: Invalid http status code (404)
ERROR: unable to open file for writing '/settings/questlog.json': not found
All modules and scripts were reloaded.
WARNING: HTTP error for http://otclient.ovh/api/status.php: Invalid http status code (404)
WARNING: widget 'widget80906' was not explicitly destroyed
WARNING: HTTP error for http://otclient.ovh/api/status.php: Invalid http status code (404)
WARNING: HTTP error for http://otclient.ovh/api/status.php: Invalid http status code (404)
WARNING: HTTP error for http://otclient.ovh/api/status.php: Invalid http status code (404)
ERROR: unable to open file for writing '/settings/questlog.json': not found
All modules and scripts were reloaded.
WARNING: HTTP error for http://otclient.ovh/api/status.php: Invalid http status code (404)
WARNING: HTTP error for http://otclient.ovh/api/status.php: Invalid http status code (404)
ERROR: unable to open file for writing '/settings/questlog.json': not found
WARNING: widget 'widget82606' was not explicitly destroyed
All modules and scripts were reloaded.
WARNING: HTTP error for http://otclient.ovh/api/status.php: Invalid http status code (404)
WARNING: widget 'widget84297' was not explicitly destroyed
WARNING: HTTP error for http://otclient.ovh/api/status.php: Invalid http status code (404)
ERROR: unable to open file for writing '/settings/questlog.json': not found
All modules and scripts were reloaded.
WARNING: HTTP error for http://otclient.ovh/api/status.php: Invalid http status code (404)
WARNING: HTTP error for http://otclient.ovh/api/status.php: Invalid http status code (404)
ERROR: unable to open file for writing '/settings/questlog.json': not found
WARNING: widget 'widget85985' was not explicitly destroyed
All modules and scripts were reloaded.
WARNING: HTTP error for http://otclient.ovh/api/status.php: Invalid http status code (404)
WARNING: widget 'widget87675' was not explicitly destroyed
WARNING: HTTP error for http://otclient.ovh/api/status.php: Invalid http status code (404)
WARNING: HTTP error for http://otclient.ovh/api/status.php: Invalid http status code (404)
WARNING: HTTP error for http://otclient.ovh/api/status.php: Invalid http status code (404)
WARNING: HTTP error for http://otclient.ovh/api/status.php: Invalid http status code (404)
WARNING: HTTP error for http://otclient.ovh/api/status.php: Invalid http status code (404)
WARNING: HTTP error for http://otclient.ovh/api/status.php: Invalid http status code (404)
WARNING: HTTP error for http://otclient.ovh/api/status.php: Invalid http status code (404)
WARNING: HTTP error for http://otclient.ovh/api/status.php: Invalid http status code (404)
WARNING: HTTP error for http://otclient.ovh/api/status.php: Invalid http status code (404)
WARNING: HTTP error for http://otclient.ovh/api/status.php: Invalid http status code (404)
WARNING: HTTP error for http://otclient.ovh/api/status.php: Invalid http status code (404)
WARNING: HTTP error for http://otclient.ovh/api/status.php: Invalid http status code (404)
WARNING: HTTP error for http://otclient.ovh/api/status.php: Invalid http status code (404)
WARNING: HTTP error for http://otclient.ovh/api/status.php: Invalid http status code (404)
WARNING: HTTP error for http://otclient.ovh/api/status.php: Invalid http status code (404)
WARNING: HTTP error for http://otclient.ovh/api/status.php: Invalid http status code (404)
WARNING: HTTP error for http://otclient.ovh/api/status.php: Invalid http status code (404)
WARNING: HTTP error for http://otclient.ovh/api/status.php: Invalid http status code (404)
WARNING: HTTP error for http://otclient.ovh/api/status.php: Invalid http status code (404)
WARNING: HTTP error for http://otclient.ovh/api/status.php: Invalid http status code (404)
WARNING: HTTP error for http://otclient.ovh/api/status.php: Invalid http status code (404)
WARNING: HTTP error for http://otclient.ovh/api/status.php: Invalid http status code (404)
WARNING: HTTP error for http://otclient.ovh/api/status.php: Invalid http status code (404)
WARNING: HTTP error for http://otclient.ovh/api/status.php: Invalid http status code (404)
WARNING: HTTP error for http://otclient.ovh/api/status.php: Invalid http status code (404)
WARNING: HTTP error for http://otclient.ovh/api/status.php: Invalid http status code (404)
WARNING: HTTP error for http://otclient.ovh/api/status.php: Invalid http status code (404)
WARNING: HTTP error for http://otclient.ovh/api/status.php: Invalid http status code (404)
WARNING: HTTP error for http://otclient.ovh/api/status.php: Invalid http status code (404)
WARNING: HTTP error for http://otclient.ovh/api/status.php: Invalid http status code (404)
WARNING: HTTP error for http://otclient.ovh/api/status.php: Invalid http status code (404)
WARNING: HTTP error for http://otclient.ovh/api/status.php: Invalid http status code (404)
WARNING: HTTP error for http://otclient.ovh/api/status.php: Invalid http status code (404)
WARNING: HTTP error for http://otclient.ovh/api/status.php: Invalid http status code (404)
WARNING: HTTP error for http://otclient.ovh/api/status.php: Invalid http status code (404)
WARNING: HTTP error for http://otclient.ovh/api/status.php: Invalid http status code (404)
WARNING: HTTP error for http://otclient.ovh/api/status.php: Invalid http status code (404)
WARNING: HTTP error for http://otclient.ovh/api/status.php: Invalid http status code (404)
WARNING: HTTP error for http://otclient.ovh/api/status.php: Invalid http status code (404)
WARNING: HTTP error for http://otclient.ovh/api/status.php: Invalid http status code (404)
WARNING: HTTP error for http://otclient.ovh/api/status.php: Invalid http status code (404)
WARNING: HTTP error for http://otclient.ovh/api/status.php: Invalid http status code (404)
WARNING: HTTP error for http://otclient.ovh/api/status.php: Invalid http status code (404)
WARNING: HTTP error for http://otclient.ovh/api/status.php: Invalid http status code (404)
WARNING: HTTP error for http://otclient.ovh/api/status.php: Invalid http status code (404)
WARNING: HTTP error for http://otclient.ovh/api/status.php: Invalid http status code (404)
ERROR: unable to open file for writing '/settings/questlog.json': not found
ERROR: Unable to load module 'client_background': LUA ERROR: /modules/client_background/background.lua:11: ')' expected near '""'
stack traceback:
	[builtin#146]: at 0x00e9d800
	[C]: in function 'reloadModules'
	/modules/client/client.lua:19: in function </modules/client/client.lua:13>
	[C]: in function 'pcall'
	/modules/corelib/util.lua:311: in function </modules/corelib/util.lua:309>
All modules and scripts were reloaded.
WARNING: HTTP error for http://otclient.ovh/api/status.php: Invalid http status code (404)
Exiting application..
ERROR: unable to open file for writing '/settings/questlog.json': not found
ERROR: Lua error: /modules/game_interface/gameinterface.lua:171: attempt to index field 'client_background' (a nil value)
stack traceback:
	[C]: in function '__index'
	/modules/game_interface/gameinterface.lua:171: in function 'hide'
	/modules/game_interface/gameinterface.lua:96: in function 'terminate'
	/modules/game_interface/interface.otmod:46:[@onUnload]:1: in main chunk
ERROR: Unable to unload module 'game_interface': LUA ERROR:
/modules/game_interface/gameinterface.lua:171: attempt to index field 'client_background' (a nil value)
stack traceback:
	[C]: in function '__index'
	/modules/game_interface/gameinterface.lua:171: in function 'hide'
	/modules/game_interface/gameinterface.lua:96: in function 'terminate'
	/modules/game_interface/interface.otmod:46:[@onUnload]:1: in main chunk
WARNING: attempt to destroy widget 'terminalButton' two times
WARNING: widget 'widget89363' was not explicitly destroyed
WARNING: widget 'widget91096' was not explicitly destroyed
GPU ANGLE (AMD Radeon HD 6570 Direct3D11 vs_5_0 ps_5_0) (Google Inc.)
OpenGL OpenGL ES 3.0.0 (ANGLE 2.1.0.54a3d7cbcadb)
[Atlas] Texture size is: 4096x4096 (max: 16384x16384)
Found work dir at 'E:/Otclientv8/'
== application started at Nov 14 2023 09:23:56
OTG 3.2 rev 4 (dev) made by otclient.net built on Feb 26 2023 for arch x86
FATAL ERROR: Unable to load module 'client_background': LUA ERROR: /modules/client_background/background.lua:11: ')' expected near '""'
stack traceback:
	[builtin#146]: at 0x00e9d800
	[C]: in function 'ensureModuleLoaded'
	/init.lua:71: in function 'loadModules'
	/init.lua:92: in main chunk
GPU ANGLE (AMD Radeon HD 6570 Direct3D11 vs_5_0 ps_5_0) (Google Inc.)
OpenGL OpenGL ES 3.0.0 (ANGLE 2.1.0.54a3d7cbcadb)
[Atlas] Texture size is: 4096x4096 (max: 16384x16384)
Found work dir at 'E:/Otclientv8/'
== application started at Nov 14 2023 09:24:12
OTG 3.2 rev 4 (dev) made by otclient.net built on Feb 26 2023 for arch x86
WARNING: HTTP error for http://otclient.ovh/api/status.php: Invalid http status code (404)
WARNING: HTTP error for http://otclient.ovh/api/status.php: Invalid http status code (404)
ERROR: unable to open file for writing '/settings/questlog.json': not found
WARNING: widget 'widget1318' was not explicitly destroyed
All modules and scripts were reloaded.
WARNING: HTTP error for http://otclient.ovh/api/status.php: Invalid http status code (404)
WARNING: HTTP error for http://otclient.ovh/api/status.php: Invalid http status code (404)
WARNING: HTTP error for http://otclient.ovh/api/status.php: Invalid http status code (404)
ERROR: unable to open file for writing '/settings/questlog.json': not found
All modules and scripts were reloaded.
WARNING: HTTP error for http://otclient.ovh/api/status.php: Invalid http status code (404)
WARNING: HTTP error for http://otclient.ovh/api/status.php: Invalid http status code (404)
WARNING: HTTP error for http://otclient.ovh/api/status.php: Invalid http status code (404)
WARNING: HTTP error for http://otclient.ovh/api/status.php: Invalid http status code (404)
WARNING: HTTP error for http://otclient.ovh/api/status.php: Invalid http status code (404)
WARNING: HTTP error for http://otclient.ovh/api/status.php: Invalid http status code (404)
WARNING: HTTP error for http://otclient.ovh/api/status.php: Invalid http status code (404)
WARNING: HTTP error for http://otclient.ovh/api/status.php: Invalid http status code (404)
WARNING: HTTP error for http://otclient.ovh/api/status.php: Invalid http status code (404)
WARNING: widget 'widget3011' was not explicitly destroyed
WARNING: HTTP error for http://otclient.ovh/api/status.php: Invalid http status code (404)
WARNING: HTTP error for http://otclient.ovh/api/status.php: Invalid http status code (404)
WARNING: HTTP error for http://otclient.ovh/api/status.php: Invalid http status code (404)
WARNING: HTTP error for http://otclient.ovh/api/status.php: Invalid http status code (404)
WARNING: HTTP error for http://otclient.ovh/api/status.php: Invalid http status code (404)
WARNING: HTTP error for http://otclient.ovh/api/status.php: Invalid http status code (404)
WARNING: HTTP error for http://otclient.ovh/api/status.php: Invalid http status code (404)
WARNING: HTTP error for http://otclient.ovh/api/status.php: Invalid http status code (404)
ERROR: unable to open file for writing '/settings/questlog.json': not found
All modules and scripts were reloaded.
WARNING: HTTP error for http://otclient.ovh/api/status.php: Invalid http status code (404)
WARNING: HTTP error for http://otclient.ovh/api/status.php: Invalid http status code (404)
ERROR: unable to open file for writing '/settings/questlog.json': not found
WARNING: widget 'widget4701' was not explicitly destroyed
All modules and scripts were reloaded.
WARNING: widget 'widget6406' was not explicitly destroyed
WARNING: HTTP error for http://otclient.ovh/api/status.php: Invalid http status code (404)
WARNING: HTTP error for http://otclient.ovh/api/status.php: Invalid http status code (404)
WARNING: HTTP error for http://otclient.ovh/api/status.php: Invalid http status code (404)
WARNING: HTTP error for http://otclient.ovh/api/status.php: Invalid http status code (404)
WARNING: HTTP error for http://otclient.ovh/api/status.php: Invalid http status code (404)
WARNING: HTTP error for http://otclient.ovh/api/status.php: Invalid http status code (404)
WARNING: HTTP error for http://otclient.ovh/api/status.php: Invalid http status code (404)
ERROR: unable to open file for writing '/settings/questlog.json': not found
ERROR: failed to load UI from 'background.otui': 'ud logo' is not a defined style
ERROR: Unable to load module 'client_background': /modules/client_background/background.lua:8: attempt to index upvalue 'background' (a nil value)
stack traceback:
	[C]: in function '__index'
	/modules/client_background/background.lua:8: in function 'init'
	/modules/client_background/background.otmod:8:[@onLoad]:1: in main chunk
	[C]: in function 'reloadModules'
	/modules/client/client.lua:19: in function </modules/client/client.lua:13>
	[C]: in function 'pcall'
	/modules/corelib/util.lua:311: in function </modules/corelib/util.lua:309>
WARNING: widget 'widget8095' was not explicitly destroyed
All modules and scripts were reloaded.
WARNING: HTTP error for http://otclient.ovh/api/status.php: Invalid http status code (404)
Exiting application..
ERROR: unable to open file for writing '/settings/questlog.json': not found
ERROR: Lua error: /modules/game_interface/gameinterface.lua:171: attempt to index field 'client_background' (a nil value)
stack traceback:
	[C]: in function '__index'
	/modules/game_interface/gameinterface.lua:171: in function 'hide'
	/modules/game_interface/gameinterface.lua:96: in function 'terminate'
	/modules/game_interface/interface.otmod:46:[@onUnload]:1: in main chunk
ERROR: Unable to unload module 'game_interface': LUA ERROR:
/modules/game_interface/gameinterface.lua:171: attempt to index field 'client_background' (a nil value)
stack traceback:
	[C]: in function '__index'
	/modules/game_interface/gameinterface.lua:171: in function 'hide'
	/modules/game_interface/gameinterface.lua:96: in function 'terminate'
	/modules/game_interface/interface.otmod:46:[@onUnload]:1: in main chunk
WARNING: attempt to destroy widget 'terminalButton' two times
WARNING: widget 'widget9791' was not explicitly destroyed
GPU ANGLE (AMD Radeon HD 6570 Direct3D11 vs_5_0 ps_5_0) (Google Inc.)
OpenGL OpenGL ES 3.0.0 (ANGLE 2.1.0.54a3d7cbcadb)
[Atlas] Texture size is: 4096x4096 (max: 16384x16384)
Found work dir at 'E:/Otclientv8/'
== application started at Nov 14 2023 09:26:52
OTG 3.2 rev 4 (dev) made by otclient.net built on Feb 26 2023 for arch x86
ERROR: failed to load UI from 'background.otui': 'ud logo' is not a defined style
FATAL ERROR: Unable to load module 'client_background': /modules/client_background/background.lua:8: attempt to index upvalue 'background' (a nil value)
stack traceback:
	[C]: in function '__index'
	/modules/client_background/background.lua:8: in function 'init'
	/modules/client_background/background.otmod:8:[@onLoad]:1: in main chunk
	[C]: in function 'ensureModuleLoaded'
	/init.lua:71: in function 'loadModules'
	/init.lua:92: in main chunk
GPU ANGLE (AMD Radeon HD 6570 Direct3D11 vs_5_0 ps_5_0) (Google Inc.)
OpenGL OpenGL ES 3.0.0 (ANGLE 2.1.0.54a3d7cbcadb)
[Atlas] Texture size is: 4096x4096 (max: 16384x16384)
Found work dir at 'E:/Otclientv8/'
== application started at Nov 14 2023 09:27:17
OTG 3.2 rev 4 (dev) made by otclient.net built on Feb 26 2023 for arch x86
WARNING: HTTP error for http://otclient.ovh/api/status.php: Invalid http status code (404)
ERROR: unable to open file for writing '/settings/questlog.json': not found
WARNING: widget 'widget1319' was not explicitly destroyed
All modules and scripts were reloaded.
WARNING: HTTP error for http://otclient.ovh/api/status.php: Invalid http status code (404)
WARNING: HTTP error for http://otclient.ovh/api/status.php: Invalid http status code (404)
WARNING: HTTP error for http://otclient.ovh/api/status.php: Invalid http status code (404)
ERROR: unable to open file for writing '/settings/questlog.json': not found
WARNING: widget 'widget3012' was not explicitly destroyed
All modules and scripts were reloaded.
WARNING: HTTP error for http://otclient.ovh/api/status.php: Invalid http status code (404)
WARNING: HTTP error for http://otclient.ovh/api/status.php: Invalid http status code (404)
ERROR: unable to open file for writing '/settings/questlog.json': not found
All modules and scripts were reloaded.
WARNING: widget 'widget4703' was not explicitly destroyed
WARNING: HTTP error for http://otclient.ovh/api/status.php: Invalid http status code (404)
WARNING: HTTP error for http://otclient.ovh/api/status.php: Invalid http status code (404)
ERROR: unable to open file for writing '/settings/questlog.json': not found
All modules and scripts were reloaded.
WARNING: widget 'widget6393' was not explicitly destroyed
WARNING: HTTP error for http://otclient.ovh/api/status.php: Invalid http status code (404)
WARNING: HTTP error for http://otclient.ovh/api/status.php: Invalid http status code (404)
ERROR: unable to open file for writing '/settings/questlog.json': not found
All modules and scripts were reloaded.
WARNING: HTTP error for http://otclient.ovh/api/status.php: Invalid http status code (404)
WARNING: HTTP error for http://otclient.ovh/api/status.php: Invalid http status code (404)
WARNING: HTTP error for http://otclient.ovh/api/status.php: Invalid http status code (404)
ERROR: unable to open file for writing '/settings/questlog.json': not found
WARNING: widget 'widget8083' was not explicitly destroyed
All modules and scripts were reloaded.
WARNING: HTTP error for http://otclient.ovh/api/status.php: Invalid http status code (404)
WARNING: HTTP error for http://otclient.ovh/api/status.php: Invalid http status code (404)
WARNING: HTTP error for http://otclient.ovh/api/status.php: Invalid http status code (404)
WARNING: HTTP error for http://otclient.ovh/api/status.php: Invalid http status code (404)
WARNING: HTTP error for http://otclient.ovh/api/status.php: Invalid http status code (404)
WARNING: HTTP error for http://otclient.ovh/api/status.php: Invalid http status code (404)
WARNING: HTTP error for http://otclient.ovh/api/status.php: Invalid http status code (404)
WARNING: widget 'widget9773' was not explicitly destroyed
WARNING: HTTP error for http://otclient.ovh/api/status.php: Invalid http status code (404)
WARNING: HTTP error for http://otclient.ovh/api/status.php: Invalid http status code (404)
WARNING: HTTP error for http://otclient.ovh/api/status.php: Invalid http status code (404)
WARNING: HTTP error for http://otclient.ovh/api/status.php: Invalid http status code (404)
WARNING: HTTP error for http://otclient.ovh/api/status.php: Invalid http status code (404)
WARNING: HTTP error for http://otclient.ovh/api/status.php: Invalid http status code (404)
WARNING: HTTP error for http://otclient.ovh/api/status.php: Invalid http status code (404)
WARNING: HTTP error for http://otclient.ovh/api/status.php: Invalid http status code (404)
WARNING: HTTP error for http://otclient.ovh/api/status.php: Invalid http status code (404)
ERROR: unable to open file for writing '/settings/questlog.json': not found
WARNING: widget 'widget11463' was not explicitly destroyed
All modules and scripts were reloaded.
WARNING: HTTP error for http://otclient.ovh/api/status.php: Invalid http status code (404)
WARNING: HTTP error for http://otclient.ovh/api/status.php: Invalid http status code (404)
ERROR: unable to open file for writing '/settings/questlog.json': not found
WARNING: widget 'widget13168' was not explicitly destroyed
All modules and scripts were reloaded.
WARNING: HTTP error for http://otclient.ovh/api/status.php: Invalid http status code (404)
ERROR: unable to open file for writing '/settings/questlog.json': not found
All modules and scripts were reloaded.
WARNING: HTTP error for http://otclient.ovh/api/status.php: Invalid http status code (404)
WARNING: HTTP error for http://otclient.ovh/api/status.php: Invalid http status code (404)
ERROR: unable to open file for writing '/settings/questlog.json': not found
WARNING: widget 'widget14858' was not explicitly destroyed
All modules and scripts were reloaded.
WARNING: HTTP error for http://otclient.ovh/api/status.php: Invalid http status code (404)
ERROR: unable to open file for writing '/settings/questlog.json': not found
WARNING: widget 'widget16547' was not explicitly destroyed
All modules and scripts were reloaded.
WARNING: HTTP error for http://otclient.ovh/api/status.php: Invalid http status code (404)
WARNING: widget 'widget18236' was not explicitly destroyed
WARNING: HTTP error for http://otclient.ovh/api/status.php: Invalid http status code (404)
WARNING: HTTP error for http://otclient.ovh/api/status.php: Invalid http status code (404)
WARNING: HTTP error for http://otclient.ovh/api/status.php: Invalid http status code (404)
WARNING: HTTP error for http://otclient.ovh/api/status.php: Invalid http status code (404)
WARNING: HTTP error for http://otclient.ovh/api/status.php: Invalid http status code (404)
ERROR: unable to open file for writing '/settings/questlog.json': not found
All modules and scripts were reloaded.
WARNING: HTTP error for http://otclient.ovh/api/status.php: Invalid http status code (404)
ERROR: unable to open file for writing '/settings/questlog.json': not found
WARNING: widget 'widget19925' was not explicitly destroyed
All modules and scripts were reloaded.
WARNING: HTTP error for http://otclient.ovh/api/status.php: Invalid http status code (404)
WARNING: HTTP error for http://otclient.ovh/api/status.php: Invalid http status code (404)
WARNING: HTTP error for http://otclient.ovh/api/status.php: Invalid http status code (404)
ERROR: unable to open file for writing '/settings/questlog.json': not found
WARNING: widget 'widget21620' was not explicitly destroyed
All modules and scripts were reloaded.
WARNING: HTTP error for http://otclient.ovh/api/status.php: Invalid http status code (404)
WARNING: HTTP error for http://otclient.ovh/api/status.php: Invalid http status code (404)
WARNING: widget 'widget23308' was not explicitly destroyed
WARNING: HTTP error for http://otclient.ovh/api/status.php: Invalid http status code (404)
WARNING: HTTP error for http://otclient.ovh/api/status.php: Invalid http status code (404)
WARNING: HTTP error for http://otclient.ovh/api/status.php: Invalid http status code (404)
WARNING: HTTP error for http://otclient.ovh/api/status.php: Invalid http status code (404)
ERROR: unable to open file for writing '/settings/questlog.json': not found
All modules and scripts were reloaded.
WARNING: HTTP error for http://otclient.ovh/api/status.php: Invalid http status code (404)
WARNING: widget 'widget24999' was not explicitly destroyed
ERROR: unable to open file for writing '/settings/questlog.json': not found
All modules and scripts were reloaded.
WARNING: HTTP error for http://otclient.ovh/api/status.php: Invalid http status code (404)
WARNING: widget 'widget26694' was not explicitly destroyed
WARNING: HTTP error for http://otclient.ovh/api/status.php: Invalid http status code (404)
WARNING: HTTP error for http://otclient.ovh/api/status.php: Invalid http status code (404)
ERROR: Missing file: 1098/Tibia.dat
Missing file: 1098/Tibia.spr

You should open data/things and create directory 1098.
In this directory (data/things/1098) you should put missing
files (Tibia.dat and Tibia.spr/Tibia.cwm) from correct Tibia version.
WARNING: HTTP error for http://otclient.ovh/api/status.php: Invalid http status code (404)
Exiting application..
ERROR: unable to open file for writing '/settings/questlog.json': not found
WARNING: attempt to destroy widget 'terminalButton' two times
WARNING: widget 'widget28383' was not explicitly destroyed
GPU ANGLE (AMD Radeon HD 6570 Direct3D11 vs_5_0 ps_5_0) (Google Inc.)
OpenGL OpenGL ES 3.0.0 (ANGLE 2.1.0.54a3d7cbcadb)
[Atlas] Texture size is: 4096x4096 (max: 16384x16384)
Found work dir at 'E:/Otclientv8/'
== application started at Nov 14 2023 09:32:36
OTG 3.2 rev 4 (dev) made by otclient.net built on Feb 26 2023 for arch x86
WARNING: HTTP error for http://otclient.ovh/api/status.php: Invalid http status code (404)
WARNING: HTTP error for http://otclient.ovh/api/status.php: Invalid http status code (404)
WARNING: HTTP error for http://otclient.ovh/api/status.php: Invalid http status code (404)
WARNING: HTTP error for http://otclient.ovh/api/status.php: Invalid http status code (404)
WARNING: HTTP error for http://otclient.ovh/api/status.php: Invalid http status code (404)
WARNING: HTTP error for http://otclient.ovh/api/status.php: Invalid http status code (404)
WARNING: HTTP error for http://otclient.ovh/api/status.php: Invalid http status code (404)
WARNING: HTTP error for http://otclient.ovh/api/status.php: Invalid http status code (404)
WARNING: HTTP error for http://otclient.ovh/api/status.php: Invalid http status code (404)
WARNING: HTTP error for http://otclient.ovh/api/status.php: Invalid http status code (404)
WARNING: HTTP error for http://otclient.ovh/api/status.php: Invalid http status code (404)
WARNING: HTTP error for http://otclient.ovh/api/status.php: Invalid http status code (404)
WARNING: HTTP error for http://otclient.ovh/api/status.php: Invalid http status code (404)
WARNING: HTTP error for http://otclient.ovh/api/status.php: Invalid http status code (404)
WARNING: HTTP error for http://otclient.ovh/api/status.php: Invalid http status code (404)
WARNING: HTTP error for http://otclient.ovh/api/status.php: Invalid http status code (404)
WARNING: HTTP error for http://otclient.ovh/api/status.php: Invalid http status code (404)
WARNING: HTTP error for http://otclient.ovh/api/status.php: Invalid http status code (404)
WARNING: HTTP error for http://otclient.ovh/api/status.php: Invalid http status code (404)
WARNING: HTTP error for http://otclient.ovh/api/status.php: Invalid http status code (404)
WARNING: HTTP error for http://otclient.ovh/api/status.php: Invalid http status code (404)
WARNING: HTTP error for http://otclient.ovh/api/status.php: Invalid http status code (404)
WARNING: HTTP error for http://otclient.ovh/api/status.php: Invalid http status code (404)
WARNING: HTTP error for http://otclient.ovh/api/status.php: Invalid http status code (404)
WARNING: HTTP error for http://otclient.ovh/api/status.php: Invalid http status code (404)
WARNING: HTTP error for http://otclient.ovh/api/status.php: Invalid http status code (404)
WARNING: HTTP error for http://otclient.ovh/api/status.php: Invalid http status code (404)
WARNING: HTTP error for http://otclient.ovh/api/status.php: Invalid http status code (404)
WARNING: HTTP error for http://otclient.ovh/api/status.php: Invalid http status code (404)
WARNING: HTTP error for http://otclient.ovh/api/status.php: Invalid http status code (404)
WARNING: HTTP error for http://otclient.ovh/api/status.php: Invalid http status code (404)
WARNING: HTTP error for http://otclient.ovh/api/status.php: Invalid http status code (404)
WARNING: HTTP error for http://otclient.ovh/api/status.php: Invalid http status code (404)
WARNING: HTTP error for http://otclient.ovh/api/status.php: Invalid http status code (404)
WARNING: HTTP error for http://otclient.ovh/api/status.php: Invalid http status code (404)
WARNING: HTTP error for http://otclient.ovh/api/status.php: Invalid http status code (404)
WARNING: HTTP error for http://otclient.ovh/api/status.php: Invalid http status code (404)
WARNING: HTTP error for http://otclient.ovh/api/status.php: Invalid http status code (404)
WARNING: HTTP error for http://otclient.ovh/api/status.php: Invalid http status code (404)
WARNING: HTTP error for http://otclient.ovh/api/status.php: Invalid http status code (404)
WARNING: HTTP error for http://otclient.ovh/api/status.php: Invalid http status code (404)
WARNING: HTTP error for http://otclient.ovh/api/status.php: Invalid http status code (404)
WARNING: HTTP error for http://otclient.ovh/api/status.php: Invalid http status code (404)
WARNING: HTTP error for http://otclient.ovh/api/status.php: Invalid http status code (404)
WARNING: HTTP error for http://otclient.ovh/api/status.php: Invalid http status code (404)
WARNING: HTTP error for http://otclient.ovh/api/status.php: Invalid http status code (404)
WARNING: HTTP error for http://otclient.ovh/api/status.php: Invalid http status code (404)
WARNING: HTTP error for http://otclient.ovh/api/status.php: Invalid http status code (404)
WARNING: HTTP error for http://otclient.ovh/api/status.php: Invalid http status code (404)
WARNING: HTTP error for http://otclient.ovh/api/status.php: Invalid http status code (404)
WARNING: HTTP error for http://otclient.ovh/api/status.php: Invalid http status code (404)
WARNING: HTTP error for http://otclient.ovh/api/status.php: Invalid http status code (404)
WARNING: HTTP error for http://otclient.ovh/api/status.php: Invalid http status code (404)
WARNING: HTTP error for http://otclient.ovh/api/status.php: Invalid http status code (404)
WARNING: HTTP error for http://otclient.ovh/api/status.php: Invalid http status code (404)
WARNING: HTTP error for http://otclient.ovh/api/status.php: Invalid http status code (404)
WARNING: HTTP error for http://otclient.ovh/api/status.php: Invalid http status code (404)
WARNING: HTTP error for http://otclient.ovh/api/status.php: Invalid http status code (404)
WARNING: HTTP error for http://otclient.ovh/api/status.php: Invalid http status code (404)
WARNING: HTTP error for http://otclient.ovh/api/status.php: Invalid http status code (404)
WARNING: HTTP error for http://otclient.ovh/api/status.php: Invalid http status code (404)
WARNING: HTTP error for http://otclient.ovh/api/status.php: Invalid http status code (404)
WARNING: HTTP error for http://otclient.ovh/api/status.php: Invalid http status code (404)
WARNING: HTTP error for http://otclient.ovh/api/status.php: Invalid http status code (404)
WARNING: HTTP error for http://otclient.ovh/api/status.php: Invalid http status code (404)
WARNING: HTTP error for http://otclient.ovh/api/status.php: Invalid http status code (404)
WARNING: HTTP error for http://otclient.ovh/api/status.php: Invalid http status code (404)
WARNING: HTTP error for http://otclient.ovh/api/status.php: Invalid http status code (404)
WARNING: HTTP error for http://otclient.ovh/api/status.php: Invalid http status code (404)
WARNING: HTTP error for http://otclient.ovh/api/status.php: Invalid http status code (404)
WARNING: HTTP error for http://otclient.ovh/api/status.php: Invalid http status code (404)
WARNING: HTTP error for http://otclient.ovh/api/status.php: Invalid http status code (404)
WARNING: HTTP error for http://otclient.ovh/api/status.php: Invalid http status code (404)
WARNING: HTTP error for http://otclient.ovh/api/status.php: Invalid http status code (404)
WARNING: HTTP error for http://otclient.ovh/api/status.php: Invalid http status code (404)
WARNING: HTTP error for http://otclient.ovh/api/status.php: Invalid http status code (404)
WARNING: HTTP error for http://otclient.ovh/api/status.php: Invalid http status code (404)
WARNING: HTTP error for http://otclient.ovh/api/status.php: Invalid http status code (404)
WARNING: HTTP error for http://otclient.ovh/api/status.php: Invalid http status code (404)
WARNING: HTTP error for http://otclient.ovh/api/status.php: Invalid http status code (404)
WARNING: HTTP error for http://otclient.ovh/api/status.php: Invalid http status code (404)
WARNING: HTTP error for http://otclient.ovh/api/status.php: Invalid http status code (404)
WARNING: HTTP error for http://otclient.ovh/api/status.php: Invalid http status code (404)
WARNING: HTTP error for http://otclient.ovh/api/status.php: Invalid http status code (404)
WARNING: HTTP error for http://otclient.ovh/api/status.php: Invalid http status code (404)
WARNING: HTTP error for http://otclient.ovh/api/status.php: Invalid http status code (404)
WARNING: HTTP error for http://otclient.ovh/api/status.php: Invalid http status code (404)
WARNING: HTTP error for http://otclient.ovh/api/status.php: Invalid http status code (404)
WARNING: HTTP error for http://otclient.ovh/api/status.php: Invalid http status code (404)
WARNING: HTTP error for http://otclient.ovh/api/status.php: Invalid http status code (404)
WARNING: HTTP error for http://otclient.ovh/api/status.php: Invalid http status code (404)
WARNING: HTTP error for http://otclient.ovh/api/status.php: Invalid http status code (404)
WARNING: HTTP error for http://otclient.ovh/api/status.php: Invalid http status code (404)
WARNING: HTTP error for http://otclient.ovh/api/status.php: Invalid http status code (404)
WARNING: HTTP error for http://otclient.ovh/api/status.php: Invalid http status code (404)
WARNING: HTTP error for http://otclient.ovh/api/status.php: Invalid http status code (404)
WARNING: HTTP error for http://otclient.ovh/api/status.php: Invalid http status code (404)
WARNING: HTTP error for http://otclient.ovh/api/status.php: Invalid http status code (404)
WARNING: HTTP error for http://otclient.ovh/api/status.php: Invalid http status code (404)
WARNING: HTTP error for http://otclient.ovh/api/status.php: Invalid http status code (404)
WARNING: HTTP error for http://otclient.ovh/api/status.php: Invalid http status code (404)
WARNING: HTTP error for http://otclient.ovh/api/status.php: Invalid http status code (404)
WARNING: HTTP error for http://otclient.ovh/api/status.php: Invalid http status code (404)
WARNING: HTTP error for http://otclient.ovh/api/status.php: Invalid http status code (404)
WARNING: HTTP error for http://otclient.ovh/api/status.php: Invalid http status code (404)
WARNING: HTTP error for http://otclient.ovh/api/status.php: Invalid http status code (404)
WARNING: HTTP error for http://otclient.ovh/api/status.php: Invalid http status code (404)
WARNING: HTTP error for http://otclient.ovh/api/status.php: Invalid http status code (404)
WARNING: HTTP error for http://otclient.ovh/api/status.php: Invalid http status code (404)
WARNING: HTTP error for http://otclient.ovh/api/status.php: Invalid http status code (404)
WARNING: HTTP error for http://otclient.ovh/api/status.php: Invalid http status code (404)
WARNING: HTTP error for http://otclient.ovh/api/status.php: Invalid http status code (404)
WARNING: HTTP error for http://otclient.ovh/api/status.php: Invalid http status code (404)
WARNING: HTTP error for http://otclient.ovh/api/status.php: Invalid http status code (404)
WARNING: HTTP error for http://otclient.ovh/api/status.php: Invalid http status code (404)
WARNING: HTTP error for http://otclient.ovh/api/status.php: Invalid http status code (404)
WARNING: HTTP error for http://otclient.ovh/api/status.php: Invalid http status code (404)
WARNING: HTTP error for http://otclient.ovh/api/status.php: Invalid http status code (404)
WARNING: HTTP error for http://otclient.ovh/api/status.php: Invalid http status code (404)
WARNING: HTTP error for http://otclient.ovh/api/status.php: Invalid http status code (404)
WARNING: HTTP error for http://otclient.ovh/api/status.php: Invalid http status code (404)
WARNING: HTTP error for http://otclient.ovh/api/status.php: Invalid http status code (404)
WARNING: HTTP error for http://otclient.ovh/api/status.php: Invalid http status code (404)
WARNING: HTTP error for http://otclient.ovh/api/status.php: Invalid http status code (404)
WARNING: HTTP error for http://otclient.ovh/api/status.php: Invalid http status code (404)
WARNING: HTTP error for http://otclient.ovh/api/status.php: Invalid http status code (404)
WARNING: HTTP error for http://otclient.ovh/api/status.php: Invalid http status code (404)
WARNING: HTTP error for http://otclient.ovh/api/status.php: Invalid http status code (404)
WARNING: HTTP error for http://otclient.ovh/api/status.php: Invalid http status code (404)
WARNING: HTTP error for http://otclient.ovh/api/status.php: Invalid http status code (404)
WARNING: HTTP error for http://otclient.ovh/api/status.php: Invalid http status code (404)
WARNING: HTTP error for http://otclient.ovh/api/status.php: Invalid http status code (404)
WARNING: HTTP error for http://otclient.ovh/api/status.php: Invalid http status code (404)
WARNING: HTTP error for http://otclient.ovh/api/status.php: Invalid http status code (404)
WARNING: HTTP error for http://otclient.ovh/api/status.php: Invalid http status code (404)
WARNING: HTTP error for http://otclient.ovh/api/status.php: Invalid http status code (404)
WARNING: HTTP error for http://otclient.ovh/api/status.php: Invalid http status code (404)
WARNING: HTTP error for http://otclient.ovh/api/status.php: Invalid http status code (404)
WARNING: HTTP error for http://otclient.ovh/api/status.php: Invalid http status code (404)
WARNING: HTTP error for http://otclient.ovh/api/status.php: Invalid http status code (404)
WARNING: HTTP error for http://otclient.ovh/api/status.php: Invalid http status code (404)
WARNING: HTTP error for http://otclient.ovh/api/status.php: Invalid http status code (404)
WARNING: HTTP error for http://otclient.ovh/api/status.php: Invalid http status code (404)
WARNING: HTTP error for http://otclient.ovh/api/status.php: Invalid http status code (404)
WARNING: HTTP error for http://otclient.ovh/api/status.php: Invalid http status code (404)
WARNING: HTTP error for http://otclient.ovh/api/status.php: Invalid http status code (404)
WARNING: HTTP error for http://otclient.ovh/api/status.php: Invalid http status code (404)
WARNING: HTTP error for http://otclient.ovh/api/status.php: Invalid http status code (404)
WARNING: HTTP error for http://otclient.ovh/api/status.php: Invalid http status code (404)
WARNING: HTTP error for http://otclient.ovh/api/status.php: Invalid http status code (404)
WARNING: HTTP error for http://otclient.ovh/api/status.php: Invalid http status code (404)
WARNING: HTTP error for http://otclient.ovh/api/status.php: Invalid http status code (404)
WARNING: HTTP error for http://otclient.ovh/api/status.php: Invalid http status code (404)
WARNING: HTTP error for http://otclient.ovh/api/status.php: Invalid http status code (404)
WARNING: HTTP error for http://otclient.ovh/api/status.php: Invalid http status code (404)
WARNING: HTTP error for http://otclient.ovh/api/status.php: Invalid http status code (404)
WARNING: HTTP error for http://otclient.ovh/api/status.php: Invalid http status code (404)
WARNING: HTTP error for http://otclient.ovh/api/status.php: Invalid http status code (404)
WARNING: HTTP error for http://otclient.ovh/api/status.php: Invalid http status code (404)
WARNING: HTTP error for http://otclient.ovh/api/status.php: Invalid http status code (404)
WARNING: HTTP error for http://otclient.ovh/api/status.php: Invalid http status code (404)
WARNING: HTTP error for http://otclient.ovh/api/status.php: Invalid http status code (404)
WARNING: HTTP error for http://otclient.ovh/api/status.php: Invalid http status code (404)
WARNING: HTTP error for http://otclient.ovh/api/status.php: Invalid http status code (404)
WARNING: HTTP error for http://otclient.ovh/api/status.php: Invalid http status code (404)
WARNING: HTTP error for http://otclient.ovh/api/status.php: Invalid http status code (404)
WARNING: HTTP error for http://otclient.ovh/api/status.php: Invalid http status code (404)
WARNING: HTTP error for http://otclient.ovh/api/status.php: Invalid http status code (404)
WARNING: HTTP error for http://otclient.ovh/api/status.php: Invalid http status code (404)
WARNING: HTTP error for http://otclient.ovh/api/status.php: Invalid http status code (404)
WARNING: HTTP error for http://otclient.ovh/api/status.php: Invalid http status code (404)
WARNING: HTTP error for http://otclient.ovh/api/status.php: Invalid http status code (404)
WARNING: HTTP error for http://otclient.ovh/api/status.php: Invalid http status code (404)
WARNING: HTTP error for http://otclient.ovh/api/status.php: Invalid http status code (404)
WARNING: HTTP error for http://otclient.ovh/api/status.php: Invalid http status code (404)
WARNING: HTTP error for http://otclient.ovh/api/status.php: Invalid http status code (404)
WARNING: HTTP error for http://otclient.ovh/api/status.php: Invalid http status code (404)
WARNING: HTTP error for http://otclient.ovh/api/status.php: Invalid http status code (404)
WARNING: HTTP error for http://otclient.ovh/api/status.php: Invalid http status code (404)
WARNING: HTTP error for http://otclient.ovh/api/status.php: Invalid http status code (404)
WARNING: HTTP error for http://otclient.ovh/api/status.php: Invalid http status code (404)
WARNING: HTTP error for http://otclient.ovh/api/status.php: Invalid http status code (404)
WARNING: HTTP error for http://otclient.ovh/api/status.php: Invalid http status code (404)
WARNING: HTTP error for http://otclient.ovh/api/status.php: Invalid http status code (404)
WARNING: HTTP error for http://otclient.ovh/api/status.php: Invalid http status code (404)
WARNING: HTTP error for http://otclient.ovh/api/status.php: Invalid http status code (404)
WARNING: HTTP error for http://otclient.ovh/api/status.php: Invalid http status code (404)
WARNING: HTTP error for http://otclient.ovh/api/status.php: Invalid http status code (404)
WARNING: HTTP error for http://otclient.ovh/api/status.php: Invalid http status code (404)
WARNING: HTTP error for http://otclient.ovh/api/status.php: Invalid http status code (404)
WARNING: HTTP error for http://otclient.ovh/api/status.php: Invalid http status code (404)
WARNING: HTTP error for http://otclient.ovh/api/status.php: Invalid http status code (404)
WARNING: HTTP error for http://otclient.ovh/api/status.php: Invalid http status code (404)
WARNING: HTTP error for http://otclient.ovh/api/status.php: Invalid http status code (404)
WARNING: HTTP error for http://otclient.ovh/api/status.php: Invalid http status code (404)
WARNING: HTTP error for http://otclient.ovh/api/status.php: Invalid http status code (404)
WARNING: HTTP error for http://otclient.ovh/api/status.php: Invalid http status code (404)
WARNING: HTTP error for http://otclient.ovh/api/status.php: Invalid http status code (404)
WARNING: HTTP error for http://otclient.ovh/api/status.php: Invalid http status code (404)
WARNING: HTTP error for http://otclient.ovh/api/status.php: Invalid http status code (404)
WARNING: HTTP error for http://otclient.ovh/api/status.php: Invalid http status code (404)
